<?xml version="1.0" encoding="UTF-8"?>
<testsuite xmlns:xsi="http://www.w3.org/2001/XMLSchema-instance" xsi:schemaLocation="https://maven.apache.org/surefire/maven-surefire-plugin/xsd/surefire-test-report.xsd" name="TestRunner" time="45.225" tests="13" errors="0" skipped="0" failures="0">
  <properties>
    <property name="java.runtime.name" value="Java(TM) SE Runtime Environment"/>
    <property name="cucumber.options" value="--tags @Smoke"/>
    <property name="sun.boot.library.path" value="/Library/Java/JavaVirtualMachines/jdk1.8.0_131.jdk/Contents/Home/jre/lib"/>
    <property name="java.vm.version" value="25.131-b11"/>
    <property name="browser" value="chrome"/>
    <property name="user.country.format" value="NZ"/>
    <property name="gopherProxySet" value="false"/>
    <property name="java.vm.vendor" value="Oracle Corporation"/>
    <property name="maven.multiModuleProjectDirectory" value="/Users/abirpal/Documents/Clones/practice/web automation/selenium/2020_04_27_seleniumJavaMaven"/>
    <property name="java.vendor.url" value="http://java.oracle.com/"/>
    <property name="path.separator" value=":"/>
    <property name="guice.disable.misplaced.annotation.check" value="true"/>
    <property name="java.vm.name" value="Java HotSpot(TM) 64-Bit Server VM"/>
    <property name="file.encoding.pkg" value="sun.io"/>
    <property name="user.country" value="US"/>
    <property name="sun.java.launcher" value="SUN_STANDARD"/>
    <property name="sun.os.patch.level" value="unknown"/>
    <property name="java.vm.specification.name" value="Java Virtual Machine Specification"/>
    <property name="user.dir" value="/Users/abirpal/Documents/Clones/practice/web automation/selenium/2020_04_27_seleniumJavaMaven"/>
    <property name="java.runtime.version" value="1.8.0_131-b11"/>
    <property name="java.awt.graphicsenv" value="sun.awt.CGraphicsEnvironment"/>
    <property name="java.endorsed.dirs" value="/Library/Java/JavaVirtualMachines/jdk1.8.0_131.jdk/Contents/Home/jre/lib/endorsed"/>
    <property name="os.arch" value="x86_64"/>
    <property name="java.io.tmpdir" value="/var/folders/kn/lb4mr92d7ys2h48w_qjzq9540000gn/T/"/>
    <property name="line.separator" value="&#10;"/>
    <property name="java.vm.specification.vendor" value="Oracle Corporation"/>
    <property name="os.name" value="Mac OS X"/>
    <property name="classworlds.conf" value="/Users/abirpal/Documents/Clones/support/apache-maven-3.6.3/bin/m2.conf"/>
    <property name="sun.jnu.encoding" value="UTF-8"/>
    <property name="java.library.path" value="/Users/abirpal/Library/Java/Extensions:/Library/Java/Extensions:/Network/Library/Java/Extensions:/System/Library/Java/Extensions:/usr/lib/java:."/>
    <property name="maven.conf" value="/Users/abirpal/Documents/Clones/support/apache-maven-3.6.3/conf"/>
    <property name="java.specification.name" value="Java Platform API Specification"/>
    <property name="java.class.version" value="52.0"/>
    <property name="sun.management.compiler" value="HotSpot 64-Bit Tiered Compilers"/>
    <property name="os.version" value="10.14.6"/>
    <property name="http.nonProxyHosts" value="local|*.local|169.254/16|*.169.254/16"/>
    <property name="library.jansi.path" value="/Users/abirpal/Documents/Clones/support/apache-maven-3.6.3/lib/jansi-native"/>
    <property name="user.home" value="/Users/abirpal"/>
    <property name="user.timezone" value="Pacific/Auckland"/>
    <property name="java.awt.printerjob" value="sun.lwawt.macosx.CPrinterJob"/>
    <property name="java.specification.version" value="1.8"/>
    <property name="file.encoding" value="UTF-8"/>
    <property name="user.name" value="abirpal"/>
    <property name="java.class.path" value="/Users/abirpal/Documents/Clones/support/apache-maven-3.6.3/boot/plexus-classworlds-2.6.0.jar"/>
    <property name="java.vm.specification.version" value="1.8"/>
    <property name="sun.arch.data.model" value="64"/>
    <property name="java.home" value="/Library/Java/JavaVirtualMachines/jdk1.8.0_131.jdk/Contents/Home/jre"/>
    <property name="sun.java.command" value="org.codehaus.plexus.classworlds.launcher.Launcher clean test -Dbrowser=chrome -Psandbox -Dcucumber.options=--tags @Smoke"/>
    <property name="java.specification.vendor" value="Oracle Corporation"/>
    <property name="user.language" value="en"/>
    <property name="awt.toolkit" value="sun.lwawt.macosx.LWCToolkit"/>
    <property name="java.vm.info" value="mixed mode"/>
    <property name="java.version" value="1.8.0_131"/>
    <property name="java.ext.dirs" value="/Users/abirpal/Library/Java/Extensions:/Library/Java/JavaVirtualMachines/jdk1.8.0_131.jdk/Contents/Home/jre/lib/ext:/Library/Java/Extensions:/Network/Library/Java/Extensions:/System/Library/Java/Extensions:/usr/lib/java"/>
    <property name="sun.boot.class.path" value="/Library/Java/JavaVirtualMachines/jdk1.8.0_131.jdk/Contents/Home/jre/lib/resources.jar:/Library/Java/JavaVirtualMachines/jdk1.8.0_131.jdk/Contents/Home/jre/lib/rt.jar:/Library/Java/JavaVirtualMachines/jdk1.8.0_131.jdk/Contents/Home/jre/lib/sunrsasign.jar:/Library/Java/JavaVirtualMachines/jdk1.8.0_131.jdk/Contents/Home/jre/lib/jsse.jar:/Library/Java/JavaVirtualMachines/jdk1.8.0_131.jdk/Contents/Home/jre/lib/jce.jar:/Library/Java/JavaVirtualMachines/jdk1.8.0_131.jdk/Contents/Home/jre/lib/charsets.jar:/Library/Java/JavaVirtualMachines/jdk1.8.0_131.jdk/Contents/Home/jre/lib/jfr.jar:/Library/Java/JavaVirtualMachines/jdk1.8.0_131.jdk/Contents/Home/jre/classes"/>
    <property name="java.vendor" value="Oracle Corporation"/>
    <property name="maven.home" value="/Users/abirpal/Documents/Clones/support/apache-maven-3.6.3"/>
    <property name="file.separator" value="/"/>
    <property name="java.vendor.url.bug" value="http://bugreport.sun.com/bugreport/"/>
    <property name="sun.cpu.endian" value="little"/>
    <property name="sun.io.unicode.encoding" value="UnicodeBig"/>
    <property name="socksNonProxyHosts" value="local|*.local|169.254/16|*.169.254/16"/>
    <property name="ftp.nonProxyHosts" value="local|*.local|169.254/16|*.169.254/16"/>
    <property name="sun.cpu.isalist" value=""/>
  </properties>
  <testcase name="Given I navigate to TradeMe Sandbox" classname="Scenario: Check the number of brands that are available in UsedCars category" time="0.006"/>
  <testcase name="And I go to Used cars category" classname="Scenario: Check the number of brands that are available in UsedCars category" time="0"/>
  <testcase name="Then I verify that 35 brands are available" classname="Scenario: Check the number of brands that are available in UsedCars category" time="0"/>
  <testcase name="Scenario: Check the number of brands that are available in UsedCars category" classname="Scenario: Check the number of brands that are available in UsedCars category" time="0.777"/>
  <testcase name="Given I navigate to TradeMe Sandbox" classname="Scenario: Check that Kia brand is available with 1 car listed in UsedCars category" time="0"/>
  <testcase name="And I go to Used cars category" classname="Scenario: Check that Kia brand is available with 1 car listed in UsedCars category" time="0"/>
  <testcase name="Then I verify that Kia brand is available" classname="Scenario: Check that Kia brand is available with 1 car listed in UsedCars category" time="0"/>
  <testcase name="And I verify that 1 car is available in Kia brand" classname="Scenario: Check that Kia brand is available with 1 car listed in UsedCars category" time="0"/>
  <testcase name="Scenario: Check that Kia brand is available with 1 car listed in UsedCars category" classname="Scenario: Check that Kia brand is available with 1 car listed in UsedCars category" time="0.679"/>
  <testcase name="Given I navigate to TradeMe Sandbox" classname="Scenario: Check Hispano Suiza brand is not available in UsedCars category" time="0"/>
  <testcase name="And I go to Used cars category" classname="Scenario: Check Hispano Suiza brand is not available in UsedCars category" time="0"/>
  <testcase name="Then I verify that Hispano Suiza brand is not available" classname="Scenario: Check Hispano Suiza brand is not available in UsedCars category" time="0"/>
  <testcase name="Scenario: Check Hispano Suiza brand is not available in UsedCars category" classname="Scenario: Check Hispano Suiza brand is not available in UsedCars category" time="0.661"/>
</testsuite>